[ 2013-05-29T21:44:02+08:00 ] 192.168.0.106 /
INFO: [ app_begin ] --START--
INFO: Run ReadHtmlCache Behavior [ RunTime:0.021158s ]
INFO: [ app_begin ] --END-- [ RunTime:0.132844s ]
INFO: [ view_template ] --START--
INFO: Run LocationTemplate Behavior [ RunTime:0.011017s ]
INFO: [ view_template ] --END-- [ RunTime:0.011795s ]
INFO: [ view_parse ] --START--
SQL: SHOW COLUMNS FROM `navconfig` [ RunTime:0.128980s ]
SQL: SELECT `nav_id`,`pid`,`name`,`link` FROM `navconfig` WHERE ( `pos` = 'top' ) AND ( `status` = 0 ) ORDER BY ordering ASC, nav_id DESC  [ RunTime:0.008449s ]
SQL: SELECT `nav_id`,`pid`,`name`,`link` FROM `navconfig` WHERE ( `pos` = 'main' ) AND ( `status` = 0 ) ORDER BY ordering ASC, nav_id DESC  [ RunTime:0.001729s ]
NOTIC: [8] Undefined index: _child /var/www/php/happyborm/App/Runtime/Cache/Home/c08c5152411715bb0f4de5db58010edc.php 第 10 行.
NOTIC: [8] Undefined index: _child /var/www/php/happyborm/App/Runtime/Cache/Home/c08c5152411715bb0f4de5db58010edc.php 第 10 行.
NOTIC: [8] Undefined index: _child /var/www/php/happyborm/App/Runtime/Cache/Home/c08c5152411715bb0f4de5db58010edc.php 第 10 行.
NOTIC: [8] Undefined index: _child /var/www/php/happyborm/App/Runtime/Cache/Home/c08c5152411715bb0f4de5db58010edc.php 第 10 行.
NOTIC: [8] Undefined index: _child /var/www/php/happyborm/App/Runtime/Cache/Home/c08c5152411715bb0f4de5db58010edc.php 第 20 行.
NOTIC: [8] Undefined index: _child /var/www/php/happyborm/App/Runtime/Cache/Home/c08c5152411715bb0f4de5db58010edc.php 第 20 行.
SQL: SELECT `nav_id`,`pid`,`name`,`link` FROM `navconfig` WHERE ( `pos` = 'bottom' ) AND ( `status` = 0 ) ORDER BY ordering ASC, nav_id DESC  [ RunTime:0.001291s ]
INFO: Run ParseTemplate Behavior [ RunTime:0.880507s ]
INFO: [ view_parse ] --END-- [ RunTime:0.880760s ]
INFO: [ view_filter ] --START--
INFO: Run ContentReplace Behavior [ RunTime:0.013982s ]
INFO: Run TokenBuild Behavior [ RunTime:0.006079s ]
INFO: Run WriteHtmlCache Behavior [ RunTime:0.002125s ]
INFO: Run ShowRuntime Behavior [ RunTime:0.003335s ]
INFO: [ view_filter ] --END-- [ RunTime:0.026654s ]
INFO: [ view_end ] --START--
INFO: Run ShowPageTrace Behavior [ RunTime:0.010553s ]
INFO: [ view_end ] --END-- [ RunTime:0.010765s ]

[ 2013-05-29T21:44:04+08:00 ] 192.168.0.106 /
INFO: [ app_begin ] --START--
INFO: Run ReadHtmlCache Behavior [ RunTime:0.001270s ]
INFO: [ app_begin ] --END-- [ RunTime:0.001460s ]
INFO: [ view_template ] --START--
INFO: Run LocationTemplate Behavior [ RunTime:0.000755s ]
INFO: [ view_template ] --END-- [ RunTime:0.000933s ]
INFO: [ view_parse ] --START--
SQL: SHOW COLUMNS FROM `navconfig` [ RunTime:0.001690s ]
SQL: SELECT `nav_id`,`pid`,`name`,`link` FROM `navconfig` WHERE ( `pos` = 'top' ) AND ( `status` = 0 ) ORDER BY ordering ASC, nav_id DESC  [ RunTime:0.000949s ]
SQL: SELECT `nav_id`,`pid`,`name`,`link` FROM `navconfig` WHERE ( `pos` = 'main' ) AND ( `status` = 0 ) ORDER BY ordering ASC, nav_id DESC  [ RunTime:0.001787s ]
NOTIC: [8] Undefined index: _child /var/www/php/happyborm/App/Runtime/Cache/Home/c08c5152411715bb0f4de5db58010edc.php 第 10 行.
NOTIC: [8] Undefined index: _child /var/www/php/happyborm/App/Runtime/Cache/Home/c08c5152411715bb0f4de5db58010edc.php 第 10 行.
NOTIC: [8] Undefined index: _child /var/www/php/happyborm/App/Runtime/Cache/Home/c08c5152411715bb0f4de5db58010edc.php 第 10 行.
NOTIC: [8] Undefined index: _child /var/www/php/happyborm/App/Runtime/Cache/Home/c08c5152411715bb0f4de5db58010edc.php 第 10 行.
NOTIC: [8] Undefined index: _child /var/www/php/happyborm/App/Runtime/Cache/Home/c08c5152411715bb0f4de5db58010edc.php 第 20 行.
NOTIC: [8] Undefined index: _child /var/www/php/happyborm/App/Runtime/Cache/Home/c08c5152411715bb0f4de5db58010edc.php 第 20 行.
SQL: SELECT `nav_id`,`pid`,`name`,`link` FROM `navconfig` WHERE ( `pos` = 'bottom' ) AND ( `status` = 0 ) ORDER BY ordering ASC, nav_id DESC  [ RunTime:0.001142s ]
INFO: Run ParseTemplate Behavior [ RunTime:0.096753s ]
INFO: [ view_parse ] --END-- [ RunTime:0.096971s ]
INFO: [ view_filter ] --START--
INFO: Run ContentReplace Behavior [ RunTime:0.001622s ]
INFO: Run TokenBuild Behavior [ RunTime:0.000842s ]
INFO: Run WriteHtmlCache Behavior [ RunTime:0.000501s ]
INFO: Run ShowRuntime Behavior [ RunTime:0.001616s ]
INFO: [ view_filter ] --END-- [ RunTime:0.006053s ]
INFO: [ view_end ] --START--
INFO: Run ShowPageTrace Behavior [ RunTime:0.001622s ]
INFO: [ view_end ] --END-- [ RunTime:0.001850s ]

[ 2013-05-29T21:44:05+08:00 ] ERR: (ThinkException) 无法加载模块:Static
[ 2013-05-29T21:44:05+08:00 ] ERR: (ThinkException) 无法加载模块:Static
[ 2013-05-29T21:44:05+08:00 ] ERR: (ThinkException) 无法加载模块:Static
[ 2013-05-29T21:44:05+08:00 ] ERR: (ThinkException) 无法加载模块:Static
[ 2013-05-29T21:44:05+08:00 ] ERR: (ThinkException) 无法加载模块:Static
[ 2013-05-29T21:44:05+08:00 ] ERR: (ThinkException) 无法加载模块:Uploads
[ 2013-05-29T21:44:05+08:00 ] ERR: (ThinkException) 无法加载模块:Uploads
[ 2013-05-29T21:44:05+08:00 ] ERR: (ThinkException) 无法加载模块:Uploads
[ 2013-05-29T21:44:05+08:00 ] ERR: (ThinkException) 无法加载模块:Uploads
[ 2013-05-29T21:44:05+08:00 ] ERR: (ThinkException) 无法加载模块:Static
[ 2013-05-29T21:44:05+08:00 ] ERR: (ThinkException) 无法加载模块:Uploads
[ 2013-05-29T21:44:05+08:00 ] ERR: (ThinkException) 无法加载模块:Uploads
[ 2013-05-29T21:44:05+08:00 ] ERR: (ThinkException) 无法加载模块:Uploads
[ 2013-05-29T21:44:05+08:00 ] ERR: (ThinkException) 无法加载模块:Uploads
[ 2013-05-29T21:44:05+08:00 ] ERR: (ThinkException) 无法加载模块:Uploads
[ 2013-05-29T21:44:05+08:00 ] ERR: (ThinkException) 无法加载模块:Uploads
[ 2013-05-29T21:44:05+08:00 ] ERR: (ThinkException) 无法加载模块:Uploads
[ 2013-05-29T21:44:05+08:00 ] ERR: (ThinkException) 无法加载模块:Static
[ 2013-05-29T21:44:05+08:00 ] ERR: (ThinkException) 无法加载模块:Static
[ 2013-05-29T21:44:05+08:00 ] ERR: (ThinkException) 无法加载模块:Static
[ 2013-05-29T21:44:05+08:00 ] ERR: (ThinkException) 无法加载模块:Static
[ 2013-05-29T21:44:06+08:00 ] ERR: (ThinkException) 无法加载模块:Static
[ 2013-05-29T21:44:06+08:00 ] ERR: (ThinkException) 无法加载模块:Static
[ 2013-05-29T21:44:06+08:00 ] ERR: (ThinkException) 无法加载模块:Static
[ 2013-05-29T21:44:06+08:00 ] ERR: (ThinkException) 无法加载模块:Static
[ 2013-05-29T21:44:06+08:00 ] ERR: (ThinkException) 无法加载模块:Favicon
[ 2013-05-29T21:44:13+08:00 ] 192.168.0.106 /
INFO: [ app_begin ] --START--
INFO: Run ReadHtmlCache Behavior [ RunTime:0.001266s ]
INFO: [ app_begin ] --END-- [ RunTime:0.001678s ]
INFO: [ view_template ] --START--
INFO: Run LocationTemplate Behavior [ RunTime:0.000828s ]
INFO: [ view_template ] --END-- [ RunTime:0.001086s ]
INFO: [ view_parse ] --START--
SQL: SHOW COLUMNS FROM `navconfig` [ RunTime:0.002493s ]
SQL: SELECT `nav_id`,`pid`,`name`,`link` FROM `navconfig` WHERE ( `pos` = 'top' ) AND ( `status` = 0 ) ORDER BY ordering ASC, nav_id DESC  [ RunTime:0.001198s ]
SQL: SELECT `nav_id`,`pid`,`name`,`link` FROM `navconfig` WHERE ( `pos` = 'main' ) AND ( `status` = 0 ) ORDER BY ordering ASC, nav_id DESC  [ RunTime:0.003112s ]
NOTIC: [8] Undefined index: _child /var/www/php/happyborm/App/Runtime/Cache/Home/c08c5152411715bb0f4de5db58010edc.php 第 10 行.
NOTIC: [8] Undefined index: _child /var/www/php/happyborm/App/Runtime/Cache/Home/c08c5152411715bb0f4de5db58010edc.php 第 10 行.
NOTIC: [8] Undefined index: _child /var/www/php/happyborm/App/Runtime/Cache/Home/c08c5152411715bb0f4de5db58010edc.php 第 10 行.
NOTIC: [8] Undefined index: _child /var/www/php/happyborm/App/Runtime/Cache/Home/c08c5152411715bb0f4de5db58010edc.php 第 10 行.
NOTIC: [8] Undefined index: _child /var/www/php/happyborm/App/Runtime/Cache/Home/c08c5152411715bb0f4de5db58010edc.php 第 20 行.
NOTIC: [8] Undefined index: _child /var/www/php/happyborm/App/Runtime/Cache/Home/c08c5152411715bb0f4de5db58010edc.php 第 20 行.
SQL: SELECT `nav_id`,`pid`,`name`,`link` FROM `navconfig` WHERE ( `pos` = 'bottom' ) AND ( `status` = 0 ) ORDER BY ordering ASC, nav_id DESC  [ RunTime:0.004428s ]
INFO: Run ParseTemplate Behavior [ RunTime:0.149104s ]
INFO: [ view_parse ] --END-- [ RunTime:0.149467s ]
INFO: [ view_filter ] --START--
INFO: Run ContentReplace Behavior [ RunTime:0.001997s ]
INFO: Run TokenBuild Behavior [ RunTime:0.003765s ]
INFO: Run WriteHtmlCache Behavior [ RunTime:0.001970s ]
INFO: Run ShowRuntime Behavior [ RunTime:0.001258s ]
INFO: [ view_filter ] --END-- [ RunTime:0.010162s ]
INFO: [ view_end ] --START--
INFO: Run ShowPageTrace Behavior [ RunTime:0.002044s ]
INFO: [ view_end ] --END-- [ RunTime:0.002517s ]

[ 2013-05-29T21:44:13+08:00 ] ERR: (ThinkException) 无法加载模块:Static
[ 2013-05-29T21:44:13+08:00 ] ERR: (ThinkException) 无法加载模块:Static
[ 2013-05-29T21:44:13+08:00 ] ERR: (ThinkException) 无法加载模块:Static
[ 2013-05-29T21:44:13+08:00 ] ERR: (ThinkException) 无法加载模块:Static
[ 2013-05-29T21:44:13+08:00 ] ERR: (ThinkException) 无法加载模块:Static
[ 2013-05-29T21:44:13+08:00 ] ERR: (ThinkException) 无法加载模块:Static
[ 2013-05-29T21:44:13+08:00 ] ERR: (ThinkException) 无法加载模块:Static
[ 2013-05-29T21:44:14+08:00 ] ERR: (ThinkException) 无法加载模块:Static
[ 2013-05-29T21:44:14+08:00 ] ERR: (ThinkException) 无法加载模块:Static
[ 2013-05-29T21:44:14+08:00 ] ERR: (ThinkException) 无法加载模块:Static
[ 2013-05-29T21:44:14+08:00 ] ERR: (ThinkException) 无法加载模块:Static
[ 2013-05-29T21:44:14+08:00 ] ERR: (ThinkException) 无法加载模块:Static
[ 2013-05-29T21:44:14+08:00 ] ERR: (ThinkException) 无法加载模块:Static
[ 2013-05-29T21:44:14+08:00 ] ERR: (ThinkException) 无法加载模块:Static
[ 2013-05-29T21:44:14+08:00 ] ERR: (ThinkException) 无法加载模块:Static
[ 2013-05-29T21:44:14+08:00 ] ERR: (ThinkException) 无法加载模块:Static
[ 2013-05-29T21:44:14+08:00 ] ERR: (ThinkException) 无法加载模块:Static
[ 2013-05-29T21:44:14+08:00 ] ERR: (ThinkException) 无法加载模块:Static
[ 2013-05-29T21:44:14+08:00 ] ERR: (ThinkException) 无法加载模块:Static
[ 2013-05-29T21:44:14+08:00 ] ERR: (ThinkException) 无法加载模块:Uploads
[ 2013-05-29T21:44:14+08:00 ] ERR: (ThinkException) 无法加载模块:Static
[ 2013-05-29T21:44:14+08:00 ] ERR: (ThinkException) 无法加载模块:Static
[ 2013-05-29T21:44:14+08:00 ] ERR: (ThinkException) 无法加载模块:Uploads
[ 2013-05-29T21:44:14+08:00 ] ERR: (ThinkException) 无法加载模块:Uploads
[ 2013-05-29T21:44:14+08:00 ] ERR: (ThinkException) 无法加载模块:Uploads
[ 2013-05-29T21:44:15+08:00 ] ERR: (ThinkException) 无法加载模块:Uploads
[ 2013-05-29T21:44:15+08:00 ] ERR: (ThinkException) 无法加载模块:Uploads
[ 2013-05-29T21:44:15+08:00 ] ERR: (ThinkException) 无法加载模块:Uploads
[ 2013-05-29T21:44:15+08:00 ] ERR: (ThinkException) 无法加载模块:Uploads
[ 2013-05-29T21:44:15+08:00 ] ERR: (ThinkException) 无法加载模块:Uploads
[ 2013-05-29T21:44:15+08:00 ] ERR: (ThinkException) 无法加载模块:Uploads
[ 2013-05-29T21:44:15+08:00 ] ERR: (ThinkException) 无法加载模块:Uploads
[ 2013-05-29T21:44:15+08:00 ] ERR: (ThinkException) 无法加载模块:Static
[ 2013-05-29T21:44:15+08:00 ] ERR: (ThinkException) 无法加载模块:Static
[ 2013-05-29T21:44:15+08:00 ] ERR: (ThinkException) 无法加载模块:Static
[ 2013-05-29T21:44:15+08:00 ] ERR: (ThinkException) 无法加载模块:Static
[ 2013-05-29T21:44:15+08:00 ] ERR: (ThinkException) 无法加载模块:Static
[ 2013-05-29T21:44:15+08:00 ] ERR: (ThinkException) 无法加载模块:Static
[ 2013-05-29T21:44:15+08:00 ] ERR: (ThinkException) 无法加载模块:Static
[ 2013-05-29T21:44:15+08:00 ] ERR: (ThinkException) 无法加载模块:Static
[ 2013-05-29T21:44:15+08:00 ] ERR: (ThinkException) 无法加载模块:Favicon
[ 2013-05-29T21:54:02+08:00 ] 192.168.0.106 /
INFO: [ app_begin ] --START--
INFO: Run ReadHtmlCache Behavior [ RunTime:0.001324s ]
INFO: [ app_begin ] --END-- [ RunTime:0.001806s ]
INFO: [ view_template ] --START--
INFO: Run LocationTemplate Behavior [ RunTime:0.001119s ]
INFO: [ view_template ] --END-- [ RunTime:0.001349s ]
INFO: [ view_parse ] --START--
INFO: Run ParseTemplate Behavior [ RunTime:0.046329s ]
INFO: [ view_parse ] --END-- [ RunTime:0.046902s ]
INFO: [ view_filter ] --START--
INFO: Run ContentReplace Behavior [ RunTime:0.001563s ]
INFO: Run TokenBuild Behavior [ RunTime:0.000979s ]
INFO: Run WriteHtmlCache Behavior [ RunTime:0.000595s ]
INFO: Run ShowRuntime Behavior [ RunTime:0.001312s ]
INFO: [ view_filter ] --END-- [ RunTime:0.005749s ]
INFO: [ view_end ] --START--
INFO: Run ShowPageTrace Behavior [ RunTime:0.001781s ]
INFO: [ view_end ] --END-- [ RunTime:0.001966s ]

[ 2013-05-29T21:54:03+08:00 ] ERR: (ThinkException) 无法加载模块:Img
[ 2013-05-29T21:54:03+08:00 ] ERR: (ThinkException) 无法加载模块:Static
[ 2013-05-29T21:54:03+08:00 ] ERR: (ThinkException) 无法加载模块:Img
[ 2013-05-29T21:54:03+08:00 ] ERR: (ThinkException) 无法加载模块:Img
[ 2013-05-29T21:54:03+08:00 ] ERR: (ThinkException) 无法加载模块:Img
[ 2013-05-29T21:54:03+08:00 ] ERR: (ThinkException) 无法加载模块:Img
[ 2013-05-29T21:54:03+08:00 ] ERR: (ThinkException) 无法加载模块:Pic
[ 2013-05-29T21:54:03+08:00 ] ERR: (ThinkException) 无法加载模块:Static
[ 2013-05-29T21:54:03+08:00 ] ERR: (ThinkException) 无法加载模块:Static
[ 2013-05-29T21:54:03+08:00 ] ERR: (ThinkException) 无法加载模块:Static
[ 2013-05-29T21:54:03+08:00 ] ERR: (ThinkException) 无法加载模块:Static
[ 2013-05-29T21:54:03+08:00 ] ERR: (ThinkException) 无法加载模块:Static
[ 2013-05-29T21:54:04+08:00 ] ERR: (ThinkException) 无法加载模块:Static
[ 2013-05-29T21:54:04+08:00 ] ERR: (ThinkException) 无法加载模块:Static
[ 2013-05-29T21:54:04+08:00 ] ERR: (ThinkException) 无法加载模块:Static
[ 2013-05-29T21:54:04+08:00 ] ERR: (ThinkException) 无法加载模块:Static
[ 2013-05-29T21:54:04+08:00 ] ERR: (ThinkException) 无法加载模块:Static
[ 2013-05-29T21:54:04+08:00 ] ERR: (ThinkException) 无法加载模块:Static
[ 2013-05-29T21:54:04+08:00 ] ERR: (ThinkException) 无法加载模块:Static
[ 2013-05-29T21:54:04+08:00 ] ERR: (ThinkException) 无法加载模块:Pic
[ 2013-05-29T21:54:04+08:00 ] ERR: (ThinkException) 无法加载模块:Pic
[ 2013-05-29T21:54:04+08:00 ] ERR: (ThinkException) 无法加载模块:Pic
[ 2013-05-29T21:54:04+08:00 ] ERR: (ThinkException) 无法加载模块:Pic
[ 2013-05-29T21:54:04+08:00 ] ERR: (ThinkException) 无法加载模块:Pic
[ 2013-05-29T21:54:04+08:00 ] ERR: (ThinkException) 无法加载模块:Pic
[ 2013-05-29T21:54:04+08:00 ] ERR: (ThinkException) 无法加载模块:Pic
[ 2013-05-29T21:54:04+08:00 ] ERR: (ThinkException) 无法加载模块:Pic
[ 2013-05-29T21:54:04+08:00 ] ERR: (ThinkException) 无法加载模块:Pic
[ 2013-05-29T21:54:04+08:00 ] ERR: (ThinkException) 无法加载模块:Pic
[ 2013-05-29T21:54:04+08:00 ] ERR: (ThinkException) 无法加载模块:Pic
[ 2013-05-29T21:54:04+08:00 ] ERR: (ThinkException) 无法加载模块:Pic
[ 2013-05-29T21:54:04+08:00 ] ERR: (ThinkException) 无法加载模块:Pic
[ 2013-05-29T21:54:04+08:00 ] ERR: (ThinkException) 无法加载模块:Pic
[ 2013-05-29T21:54:05+08:00 ] ERR: (ThinkException) 无法加载模块:Pic
[ 2013-05-29T21:54:05+08:00 ] ERR: (ThinkException) 无法加载模块:Pic
[ 2013-05-29T21:54:05+08:00 ] ERR: (ThinkException) 无法加载模块:Pic
[ 2013-05-29T21:54:05+08:00 ] ERR: (ThinkException) 无法加载模块:Img
[ 2013-05-29T21:54:05+08:00 ] ERR: (ThinkException) 无法加载模块:Static
[ 2013-05-29T21:54:05+08:00 ] ERR: (ThinkException) 无法加载模块:Static
[ 2013-05-29T21:54:05+08:00 ] ERR: (ThinkException) 无法加载模块:Static
[ 2013-05-29T21:54:05+08:00 ] ERR: (ThinkException) 无法加载模块:Static
[ 2013-05-29T21:54:06+08:00 ] ERR: (ThinkException) 无法加载模块:Favicon
[ 2013-05-29T21:56:21+08:00 ] 192.168.0.106 /admin
INFO: [ route_check ] --START--
INFO: Run CheckRoute Behavior [ RunTime:0.002166s ]
INFO: [ route_check ] --END-- [ RunTime:0.002488s ]
INFO: [ app_begin ] --START--
INFO: Run ReadHtmlCache Behavior [ RunTime:0.001408s ]
INFO: [ app_begin ] --END-- [ RunTime:0.001709s ]

[ 2013-05-29T21:56:21+08:00 ] 192.168.0.106 /Admin/public/login
INFO: [ route_check ] --START--
INFO: Run CheckRoute Behavior [ RunTime:0.001704s ]
INFO: [ route_check ] --END-- [ RunTime:0.002010s ]
INFO: [ app_begin ] --START--
INFO: Run ReadHtmlCache Behavior [ RunTime:0.001412s ]
INFO: [ app_begin ] --END-- [ RunTime:0.001621s ]
INFO: [ view_template ] --START--
INFO: Run LocationTemplate Behavior [ RunTime:0.000252s ]
INFO: [ view_template ] --END-- [ RunTime:0.000832s ]
INFO: [ view_parse ] --START--
NOTIC: [8] Undefined variable: errorMsg /var/www/php/happyborm/App/Runtime/Cache/Admin/fda76730bb5302551b2157fd9e61fa70.php 第 10 行.
INFO: Run ParseTemplate Behavior [ RunTime:0.026191s ]
INFO: [ view_parse ] --END-- [ RunTime:0.026483s ]
INFO: [ view_filter ] --START--
INFO: Run ContentReplace Behavior [ RunTime:0.000715s ]
INFO: Run TokenBuild Behavior [ RunTime:0.001005s ]
INFO: Run WriteHtmlCache Behavior [ RunTime:0.000742s ]
INFO: Run ShowRuntime Behavior [ RunTime:0.000980s ]
INFO: [ view_filter ] --END-- [ RunTime:0.004018s ]
INFO: [ view_end ] --START--
INFO: Run ShowPageTrace Behavior [ RunTime:0.001546s ]
INFO: [ view_end ] --END-- [ RunTime:0.001719s ]

[ 2013-05-29T21:56:22+08:00 ] ERR: (ThinkException) 无法加载模块:Favicon
[ 2013-05-29T21:56:25+08:00 ] 192.168.0.106 /Admin/Public/login
INFO: [ route_check ] --START--
INFO: Run CheckRoute Behavior [ RunTime:0.002248s ]
INFO: [ route_check ] --END-- [ RunTime:0.002855s ]
INFO: [ app_begin ] --START--
INFO: Run ReadHtmlCache Behavior [ RunTime:0.001190s ]
INFO: [ app_begin ] --END-- [ RunTime:0.001468s ]
INFO: [ view_template ] --START--
INFO: Run LocationTemplate Behavior [ RunTime:0.000863s ]
INFO: [ view_template ] --END-- [ RunTime:0.001081s ]
INFO: [ view_parse ] --START--
INFO: Run ParseTemplate Behavior [ RunTime:0.016785s ]
INFO: [ view_parse ] --END-- [ RunTime:0.017165s ]
INFO: [ view_filter ] --START--
INFO: Run ContentReplace Behavior [ RunTime:0.001369s ]
INFO: Run TokenBuild Behavior [ RunTime:0.000884s ]
INFO: Run WriteHtmlCache Behavior [ RunTime:0.000609s ]
INFO: Run ShowRuntime Behavior [ RunTime:0.000841s ]
INFO: [ view_filter ] --END-- [ RunTime:0.004614s ]
INFO: [ view_end ] --START--
INFO: Run ShowPageTrace Behavior [ RunTime:0.001574s ]
INFO: [ view_end ] --END-- [ RunTime:0.001951s ]

[ 2013-05-29T21:56:25+08:00 ] ERR: (ThinkException) 无法加载模块:Favicon
[ 2013-05-29T21:56:28+08:00 ] 192.168.0.106 /Admin/Public/login
INFO: [ route_check ] --START--
INFO: Run CheckRoute Behavior [ RunTime:0.002393s ]
INFO: [ route_check ] --END-- [ RunTime:0.002783s ]
INFO: [ app_begin ] --START--
INFO: Run ReadHtmlCache Behavior [ RunTime:0.001272s ]
INFO: [ app_begin ] --END-- [ RunTime:0.001785s ]

[ 2013-05-29T21:56:29+08:00 ] 192.168.0.106 /Admin
INFO: [ route_check ] --START--
INFO: Run CheckRoute Behavior [ RunTime:0.001793s ]
INFO: [ route_check ] --END-- [ RunTime:0.002210s ]
INFO: [ app_begin ] --START--
INFO: Run ReadHtmlCache Behavior [ RunTime:0.001307s ]
INFO: [ app_begin ] --END-- [ RunTime:0.001502s ]
INFO: [ view_template ] --START--
INFO: Run LocationTemplate Behavior [ RunTime:0.000792s ]
INFO: [ view_template ] --END-- [ RunTime:0.001029s ]
INFO: [ view_parse ] --START--
INFO: Run ParseTemplate Behavior [ RunTime:0.073630s ]
INFO: [ view_parse ] --END-- [ RunTime:0.073863s ]
INFO: [ view_filter ] --START--
INFO: Run ContentReplace Behavior [ RunTime:0.000554s ]
INFO: Run TokenBuild Behavior [ RunTime:0.000863s ]
INFO: Run WriteHtmlCache Behavior [ RunTime:0.000475s ]
INFO: Run ShowRuntime Behavior [ RunTime:0.001277s ]
INFO: [ view_filter ] --END-- [ RunTime:0.003738s ]
INFO: [ view_end ] --START--
INFO: Run ShowPageTrace Behavior [ RunTime:0.001278s ]
INFO: [ view_end ] --END-- [ RunTime:0.001663s ]

[ 2013-05-29T21:56:30+08:00 ] ERR: (ThinkException) 无法加载模块:Favicon
[ 2013-05-29T21:56:32+08:00 ] ERR: (ThinkException) 无法加载模块:Favicon
[ 2013-05-29T21:56:32+08:00 ] 192.168.0.106 /Admin/index/webconfig?_=1369835791962
INFO: [ route_check ] --START--
INFO: Run CheckRoute Behavior [ RunTime:0.007189s ]
INFO: [ route_check ] --END-- [ RunTime:0.007789s ]
INFO: [ app_begin ] --START--
INFO: Run ReadHtmlCache Behavior [ RunTime:0.006200s ]
INFO: [ app_begin ] --END-- [ RunTime:0.007791s ]
SQL: SHOW COLUMNS FROM `webconfig` [ RunTime:0.004962s ]
SQL: SELECT * FROM `webconfig` WHERE ( `status` = 0 ) ORDER BY ordering ASC  [ RunTime:0.001449s ]
INFO: [ view_template ] --START--
INFO: Run LocationTemplate Behavior [ RunTime:0.000858s ]
INFO: [ view_template ] --END-- [ RunTime:0.001145s ]
INFO: [ view_parse ] --START--
INFO: Run ParseTemplate Behavior [ RunTime:0.887741s ]
INFO: [ view_parse ] --END-- [ RunTime:0.888070s ]
INFO: [ view_filter ] --START--
INFO: Run ContentReplace Behavior [ RunTime:0.000885s ]
INFO: Run TokenBuild Behavior [ RunTime:0.000806s ]
INFO: Run WriteHtmlCache Behavior [ RunTime:0.000494s ]
INFO: Run ShowRuntime Behavior [ RunTime:0.003384s ]
INFO: [ view_filter ] --END-- [ RunTime:0.006255s ]
INFO: [ view_end ] --START--
INFO: Run ShowPageTrace Behavior [ RunTime:0.001368s ]
INFO: [ view_end ] --END-- [ RunTime:0.001538s ]

[ 2013-05-29T21:56:33+08:00 ] 192.168.0.106 /
INFO: [ app_begin ] --START--
INFO: Run ReadHtmlCache Behavior [ RunTime:0.001259s ]
INFO: [ app_begin ] --END-- [ RunTime:0.001486s ]
INFO: [ view_template ] --START--
INFO: Run LocationTemplate Behavior [ RunTime:0.000620s ]
INFO: [ view_template ] --END-- [ RunTime:0.000817s ]
INFO: [ view_parse ] --START--
INFO: Run ParseTemplate Behavior [ RunTime:0.040489s ]
INFO: [ view_parse ] --END-- [ RunTime:0.040692s ]
INFO: [ view_filter ] --START--
INFO: Run ContentReplace Behavior [ RunTime:0.001512s ]
INFO: Run TokenBuild Behavior [ RunTime:0.001326s ]
INFO: Run WriteHtmlCache Behavior [ RunTime:0.000349s ]
INFO: Run ShowRuntime Behavior [ RunTime:0.001058s ]
INFO: [ view_filter ] --END-- [ RunTime:0.004958s ]
INFO: [ view_end ] --START--
INFO: Run ShowPageTrace Behavior [ RunTime:0.001350s ]
INFO: [ view_end ] --END-- [ RunTime:0.001569s ]

[ 2013-05-29T21:56:34+08:00 ] ERR: (ThinkException) 无法加载模块:Favicon
[ 2013-05-29T21:56:34+08:00 ] 192.168.0.106 /Admin/index/navconfig?_=1369835793859
INFO: [ route_check ] --START--
INFO: Run CheckRoute Behavior [ RunTime:0.002463s ]
INFO: [ route_check ] --END-- [ RunTime:0.002796s ]
INFO: [ app_begin ] --START--
INFO: Run ReadHtmlCache Behavior [ RunTime:0.001605s ]
INFO: [ app_begin ] --END-- [ RunTime:0.001905s ]
SQL: SHOW COLUMNS FROM `navconfig` [ RunTime:0.002560s ]
SQL: SELECT * FROM `navconfig` WHERE ( status=0 ) ORDER BY ordering ASC, nav_id DESC  [ RunTime:0.001546s ]
INFO: [ view_template ] --START--
INFO: Run LocationTemplate Behavior [ RunTime:0.001499s ]
INFO: [ view_template ] --END-- [ RunTime:0.001760s ]
INFO: [ view_parse ] --START--
INFO: Run ParseTemplate Behavior [ RunTime:0.114679s ]
INFO: [ view_parse ] --END-- [ RunTime:0.115082s ]
INFO: [ view_filter ] --START--
INFO: Run ContentReplace Behavior [ RunTime:0.000584s ]
INFO: Run TokenBuild Behavior [ RunTime:0.004832s ]
INFO: Run WriteHtmlCache Behavior [ RunTime:0.000996s ]
INFO: Run ShowRuntime Behavior [ RunTime:0.001176s ]
INFO: [ view_filter ] --END-- [ RunTime:0.011162s ]
INFO: [ view_end ] --START--
INFO: Run ShowPageTrace Behavior [ RunTime:0.001953s ]
INFO: [ view_end ] --END-- [ RunTime:0.002243s ]

[ 2013-05-29T22:06:14+08:00 ] 192.168.0.106 /
INFO: [ app_begin ] --START--
INFO: Run ReadHtmlCache Behavior [ RunTime:0.001004s ]
INFO: [ app_begin ] --END-- [ RunTime:0.001282s ]
INFO: [ view_template ] --START--
INFO: Run LocationTemplate Behavior [ RunTime:0.001285s ]
INFO: [ view_template ] --END-- [ RunTime:0.001601s ]
INFO: [ view_parse ] --START--
SQL: SHOW COLUMNS FROM `navconfig` [ RunTime:0.003359s ]
SQL: SELECT `nav_id`,`pid`,`name`,`link` FROM `navconfig` WHERE ( `pos` = 'main' ) AND ( `status` = 0 ) ORDER BY ordering ASC, nav_id DESC  [ RunTime:0.002794s ]
INFO: Run ParseTemplate Behavior [ RunTime:0.142760s ]
INFO: [ view_parse ] --END-- [ RunTime:0.143030s ]
INFO: [ view_filter ] --START--
INFO: Run ContentReplace Behavior [ RunTime:0.000899s ]
INFO: Run TokenBuild Behavior [ RunTime:0.001310s ]
INFO: Run WriteHtmlCache Behavior [ RunTime:0.000400s ]
INFO: Run ShowRuntime Behavior [ RunTime:0.000855s ]
INFO: [ view_filter ] --END-- [ RunTime:0.003824s ]
INFO: [ view_end ] --START--
INFO: Run ShowPageTrace Behavior [ RunTime:0.001519s ]
INFO: [ view_end ] --END-- [ RunTime:0.001677s ]

[ 2013-05-29T22:06:15+08:00 ] ERR: (ThinkException) 无法加载模块:Img
[ 2013-05-29T22:06:15+08:00 ] ERR: (ThinkException) 无法加载模块:Img
[ 2013-05-29T22:06:15+08:00 ] ERR: (ThinkException) 无法加载模块:Img
[ 2013-05-29T22:06:15+08:00 ] ERR: (ThinkException) 无法加载模块:Img
[ 2013-05-29T22:06:15+08:00 ] ERR: (ThinkException) 无法加载模块:Img
[ 2013-05-29T22:06:15+08:00 ] ERR: (ThinkException) 无法加载模块:Pic
[ 2013-05-29T22:06:15+08:00 ] ERR: (ThinkException) 无法加载模块:Pic
[ 2013-05-29T22:06:15+08:00 ] ERR: (ThinkException) 无法加载模块:Pic
[ 2013-05-29T22:06:15+08:00 ] ERR: (ThinkException) 无法加载模块:Pic
[ 2013-05-29T22:06:15+08:00 ] ERR: (ThinkException) 无法加载模块:Pic
[ 2013-05-29T22:06:15+08:00 ] ERR: (ThinkException) 无法加载模块:Pic
[ 2013-05-29T22:06:15+08:00 ] ERR: (ThinkException) 无法加载模块:Pic
[ 2013-05-29T22:06:15+08:00 ] ERR: (ThinkException) 无法加载模块:Pic
[ 2013-05-29T22:06:15+08:00 ] ERR: (ThinkException) 无法加载模块:Pic
[ 2013-05-29T22:06:15+08:00 ] ERR: (ThinkException) 无法加载模块:Pic
[ 2013-05-29T22:06:15+08:00 ] ERR: (ThinkException) 无法加载模块:Pic
[ 2013-05-29T22:06:15+08:00 ] ERR: (ThinkException) 无法加载模块:Pic
[ 2013-05-29T22:06:15+08:00 ] ERR: (ThinkException) 无法加载模块:Pic
[ 2013-05-29T22:06:15+08:00 ] ERR: (ThinkException) 无法加载模块:Pic
[ 2013-05-29T22:06:15+08:00 ] ERR: (ThinkException) 无法加载模块:Pic
[ 2013-05-29T22:06:15+08:00 ] ERR: (ThinkException) 无法加载模块:Pic
[ 2013-05-29T22:06:15+08:00 ] ERR: (ThinkException) 无法加载模块:Pic
[ 2013-05-29T22:06:15+08:00 ] ERR: (ThinkException) 无法加载模块:Pic
[ 2013-05-29T22:06:15+08:00 ] ERR: (ThinkException) 无法加载模块:Img
[ 2013-05-29T22:06:15+08:00 ] ERR: (ThinkException) 无法加载模块:Favicon
[ 2013-05-29T22:06:31+08:00 ] 192.168.0.106 /
INFO: [ app_begin ] --START--
INFO: Run ReadHtmlCache Behavior [ RunTime:0.002229s ]
INFO: [ app_begin ] --END-- [ RunTime:0.003030s ]
INFO: [ view_template ] --START--
INFO: Run LocationTemplate Behavior [ RunTime:0.000678s ]
INFO: [ view_template ] --END-- [ RunTime:0.000908s ]
INFO: [ view_parse ] --START--
SQL: SHOW COLUMNS FROM `navconfig` [ RunTime:0.001412s ]
SQL: SELECT `nav_id`,`pid`,`name`,`link` FROM `navconfig` WHERE ( `pos` = 'main' ) AND ( `status` = 0 ) ORDER BY ordering ASC, nav_id DESC  [ RunTime:0.001422s ]
INFO: Run ParseTemplate Behavior [ RunTime:0.077306s ]
INFO: [ view_parse ] --END-- [ RunTime:0.077563s ]
INFO: [ view_filter ] --START--
INFO: Run ContentReplace Behavior [ RunTime:0.000972s ]
INFO: Run TokenBuild Behavior [ RunTime:0.000780s ]
INFO: Run WriteHtmlCache Behavior [ RunTime:0.000674s ]
INFO: Run ShowRuntime Behavior [ RunTime:0.002122s ]
INFO: [ view_filter ] --END-- [ RunTime:0.005461s ]
INFO: [ view_end ] --START--
INFO: Run ShowPageTrace Behavior [ RunTime:0.002348s ]
INFO: [ view_end ] --END-- [ RunTime:0.002812s ]

[ 2013-05-29T22:06:32+08:00 ] ERR: (ThinkException) 无法加载模块:Img
[ 2013-05-29T22:06:32+08:00 ] ERR: (ThinkException) 无法加载模块:Img
[ 2013-05-29T22:06:32+08:00 ] ERR: (ThinkException) 无法加载模块:Img
[ 2013-05-29T22:06:32+08:00 ] ERR: (ThinkException) 无法加载模块:Img
[ 2013-05-29T22:06:32+08:00 ] ERR: (ThinkException) 无法加载模块:Img
[ 2013-05-29T22:06:32+08:00 ] ERR: (ThinkException) 无法加载模块:Pic
[ 2013-05-29T22:06:32+08:00 ] ERR: (ThinkException) 无法加载模块:Pic
[ 2013-05-29T22:06:32+08:00 ] ERR: (ThinkException) 无法加载模块:Pic
[ 2013-05-29T22:06:32+08:00 ] ERR: (ThinkException) 无法加载模块:Pic
[ 2013-05-29T22:06:32+08:00 ] ERR: (ThinkException) 无法加载模块:Pic
[ 2013-05-29T22:06:32+08:00 ] ERR: (ThinkException) 无法加载模块:Pic
[ 2013-05-29T22:06:32+08:00 ] ERR: (ThinkException) 无法加载模块:Pic
[ 2013-05-29T22:06:32+08:00 ] ERR: (ThinkException) 无法加载模块:Pic
[ 2013-05-29T22:06:32+08:00 ] ERR: (ThinkException) 无法加载模块:Pic
[ 2013-05-29T22:06:32+08:00 ] ERR: (ThinkException) 无法加载模块:Pic
[ 2013-05-29T22:06:32+08:00 ] ERR: (ThinkException) 无法加载模块:Pic
[ 2013-05-29T22:06:32+08:00 ] ERR: (ThinkException) 无法加载模块:Pic
[ 2013-05-29T22:06:33+08:00 ] ERR: (ThinkException) 无法加载模块:Pic
[ 2013-05-29T22:06:33+08:00 ] ERR: (ThinkException) 无法加载模块:Pic
[ 2013-05-29T22:06:33+08:00 ] ERR: (ThinkException) 无法加载模块:Pic
[ 2013-05-29T22:06:33+08:00 ] ERR: (ThinkException) 无法加载模块:Pic
[ 2013-05-29T22:06:33+08:00 ] ERR: (ThinkException) 无法加载模块:Pic
[ 2013-05-29T22:06:33+08:00 ] ERR: (ThinkException) 无法加载模块:Pic
[ 2013-05-29T22:06:33+08:00 ] ERR: (ThinkException) 无法加载模块:Img
[ 2013-05-29T22:06:33+08:00 ] ERR: (ThinkException) 无法加载模块:Favicon
[ 2013-05-29T22:06:40+08:00 ] 192.168.0.106 /
INFO: [ app_begin ] --START--
INFO: Run ReadHtmlCache Behavior [ RunTime:0.001970s ]
INFO: [ app_begin ] --END-- [ RunTime:0.002297s ]
INFO: [ view_template ] --START--
INFO: Run LocationTemplate Behavior [ RunTime:0.001290s ]
INFO: [ view_template ] --END-- [ RunTime:0.002047s ]
INFO: [ view_parse ] --START--
SQL: SHOW COLUMNS FROM `navconfig` [ RunTime:0.003678s ]
SQL: SELECT `nav_id`,`pid`,`name`,`link` FROM `navconfig` WHERE ( `pos` = 'main' ) AND ( `status` = 0 ) ORDER BY ordering ASC, nav_id DESC  [ RunTime:0.002148s ]
INFO: Run ParseTemplate Behavior [ RunTime:0.124336s ]
INFO: [ view_parse ] --END-- [ RunTime:0.125254s ]
INFO: [ view_filter ] --START--
INFO: Run ContentReplace Behavior [ RunTime:0.002042s ]
INFO: Run TokenBuild Behavior [ RunTime:0.000639s ]
INFO: Run WriteHtmlCache Behavior [ RunTime:0.000626s ]
INFO: Run ShowRuntime Behavior [ RunTime:0.001401s ]
INFO: [ view_filter ] --END-- [ RunTime:0.006082s ]
INFO: [ view_end ] --START--
INFO: Run ShowPageTrace Behavior [ RunTime:0.002037s ]
INFO: [ view_end ] --END-- [ RunTime:0.002315s ]

[ 2013-05-29T22:06:41+08:00 ] ERR: (ThinkException) 无法加载模块:Img
[ 2013-05-29T22:06:41+08:00 ] ERR: (ThinkException) 无法加载模块:Img
[ 2013-05-29T22:06:41+08:00 ] ERR: (ThinkException) 无法加载模块:Img
[ 2013-05-29T22:06:41+08:00 ] ERR: (ThinkException) 无法加载模块:Img
[ 2013-05-29T22:06:41+08:00 ] ERR: (ThinkException) 无法加载模块:Img
[ 2013-05-29T22:06:41+08:00 ] ERR: (ThinkException) 无法加载模块:Pic
[ 2013-05-29T22:06:41+08:00 ] ERR: (ThinkException) 无法加载模块:Pic
[ 2013-05-29T22:06:41+08:00 ] ERR: (ThinkException) 无法加载模块:Pic
[ 2013-05-29T22:06:41+08:00 ] ERR: (ThinkException) 无法加载模块:Pic
[ 2013-05-29T22:06:41+08:00 ] ERR: (ThinkException) 无法加载模块:Pic
[ 2013-05-29T22:06:41+08:00 ] ERR: (ThinkException) 无法加载模块:Pic
[ 2013-05-29T22:06:41+08:00 ] ERR: (ThinkException) 无法加载模块:Pic
[ 2013-05-29T22:06:41+08:00 ] ERR: (ThinkException) 无法加载模块:Pic
[ 2013-05-29T22:06:41+08:00 ] ERR: (ThinkException) 无法加载模块:Pic
[ 2013-05-29T22:06:41+08:00 ] ERR: (ThinkException) 无法加载模块:Pic
[ 2013-05-29T22:06:41+08:00 ] ERR: (ThinkException) 无法加载模块:Pic
[ 2013-05-29T22:06:41+08:00 ] ERR: (ThinkException) 无法加载模块:Pic
[ 2013-05-29T22:06:41+08:00 ] ERR: (ThinkException) 无法加载模块:Pic
[ 2013-05-29T22:06:41+08:00 ] ERR: (ThinkException) 无法加载模块:Pic
[ 2013-05-29T22:06:41+08:00 ] ERR: (ThinkException) 无法加载模块:Pic
[ 2013-05-29T22:06:41+08:00 ] ERR: (ThinkException) 无法加载模块:Pic
[ 2013-05-29T22:06:41+08:00 ] ERR: (ThinkException) 无法加载模块:Pic
[ 2013-05-29T22:06:41+08:00 ] ERR: (ThinkException) 无法加载模块:Img
[ 2013-05-29T22:06:41+08:00 ] ERR: (ThinkException) 无法加载模块:Pic
[ 2013-05-29T22:06:41+08:00 ] ERR: (ThinkException) 无法加载模块:Favicon
[ 2013-05-29T22:15:19+08:00 ] 192.168.0.106 /
INFO: [ app_begin ] --START--
INFO: Run ReadHtmlCache Behavior [ RunTime:0.000719s ]
INFO: [ app_begin ] --END-- [ RunTime:0.001042s ]
INFO: [ view_template ] --START--
INFO: Run LocationTemplate Behavior [ RunTime:0.000424s ]
INFO: [ view_template ] --END-- [ RunTime:0.000550s ]
INFO: [ view_parse ] --START--
SQL: SHOW COLUMNS FROM `navconfig` [ RunTime:0.001445s ]
SQL: SELECT `nav_id`,`pid`,`name`,`link` FROM `navconfig` WHERE ( `pos` = 'main' ) AND ( `status` = 0 ) ORDER BY ordering ASC, nav_id DESC  [ RunTime:0.001009s ]
INFO: Run ParseTemplate Behavior [ RunTime:0.061198s ]
INFO: [ view_parse ] --END-- [ RunTime:0.061431s ]
INFO: [ view_filter ] --START--
INFO: Run ContentReplace Behavior [ RunTime:0.001789s ]
INFO: Run TokenBuild Behavior [ RunTime:0.001894s ]
INFO: Run WriteHtmlCache Behavior [ RunTime:0.000501s ]
INFO: Run ShowRuntime Behavior [ RunTime:0.000923s ]
INFO: [ view_filter ] --END-- [ RunTime:0.005815s ]
INFO: [ view_end ] --START--
INFO: Run ShowPageTrace Behavior [ RunTime:0.001125s ]
INFO: [ view_end ] --END-- [ RunTime:0.001269s ]

[ 2013-05-29T22:15:20+08:00 ] ERR: (ThinkException) 无法加载模块:Img
[ 2013-05-29T22:15:20+08:00 ] ERR: (ThinkException) 无法加载模块:Img
[ 2013-05-29T22:15:20+08:00 ] ERR: (ThinkException) 无法加载模块:Img
[ 2013-05-29T22:15:20+08:00 ] ERR: (ThinkException) 无法加载模块:Img
[ 2013-05-29T22:15:20+08:00 ] ERR: (ThinkException) 无法加载模块:Img
[ 2013-05-29T22:15:20+08:00 ] ERR: (ThinkException) 无法加载模块:Pic
[ 2013-05-29T22:15:20+08:00 ] ERR: (ThinkException) 无法加载模块:Pic
[ 2013-05-29T22:15:20+08:00 ] ERR: (ThinkException) 无法加载模块:Pic
[ 2013-05-29T22:15:20+08:00 ] ERR: (ThinkException) 无法加载模块:Pic
[ 2013-05-29T22:15:20+08:00 ] ERR: (ThinkException) 无法加载模块:Pic
[ 2013-05-29T22:15:20+08:00 ] ERR: (ThinkException) 无法加载模块:Pic
[ 2013-05-29T22:15:20+08:00 ] ERR: (ThinkException) 无法加载模块:Pic
[ 2013-05-29T22:15:20+08:00 ] ERR: (ThinkException) 无法加载模块:Pic
[ 2013-05-29T22:15:20+08:00 ] ERR: (ThinkException) 无法加载模块:Pic
[ 2013-05-29T22:15:20+08:00 ] ERR: (ThinkException) 无法加载模块:Pic
[ 2013-05-29T22:15:20+08:00 ] ERR: (ThinkException) 无法加载模块:Pic
[ 2013-05-29T22:15:20+08:00 ] ERR: (ThinkException) 无法加载模块:Pic
[ 2013-05-29T22:15:20+08:00 ] ERR: (ThinkException) 无法加载模块:Pic
[ 2013-05-29T22:15:20+08:00 ] ERR: (ThinkException) 无法加载模块:Pic
[ 2013-05-29T22:15:20+08:00 ] ERR: (ThinkException) 无法加载模块:Pic
[ 2013-05-29T22:15:20+08:00 ] ERR: (ThinkException) 无法加载模块:Pic
[ 2013-05-29T22:15:20+08:00 ] ERR: (ThinkException) 无法加载模块:Pic
[ 2013-05-29T22:15:20+08:00 ] ERR: (ThinkException) 无法加载模块:Pic
[ 2013-05-29T22:15:20+08:00 ] ERR: (ThinkException) 无法加载模块:Img
[ 2013-05-29T22:15:20+08:00 ] ERR: (ThinkException) 无法加载模块:Favicon
[ 2013-05-29T22:15:37+08:00 ] 192.168.0.106 /
INFO: [ app_begin ] --START--
INFO: Run ReadHtmlCache Behavior [ RunTime:0.001397s ]
INFO: [ app_begin ] --END-- [ RunTime:0.001656s ]
INFO: [ view_template ] --START--
INFO: Run LocationTemplate Behavior [ RunTime:0.011905s ]
INFO: [ view_template ] --END-- [ RunTime:0.012134s ]
INFO: [ view_parse ] --START--
SQL: SHOW COLUMNS FROM `navconfig` [ RunTime:0.003623s ]
SQL: SELECT `nav_id`,`pid`,`name`,`link` FROM `navconfig` WHERE ( `pos` = 'main' ) AND ( `status` = 0 ) ORDER BY ordering ASC, nav_id DESC  [ RunTime:0.002649s ]
INFO: Run ParseTemplate Behavior [ RunTime:0.100808s ]
INFO: [ view_parse ] --END-- [ RunTime:0.101024s ]
INFO: [ view_filter ] --START--
INFO: Run ContentReplace Behavior [ RunTime:0.002188s ]
INFO: Run TokenBuild Behavior [ RunTime:0.002375s ]
INFO: Run WriteHtmlCache Behavior [ RunTime:0.000462s ]
INFO: Run ShowRuntime Behavior [ RunTime:0.001006s ]
INFO: [ view_filter ] --END-- [ RunTime:0.007922s ]
INFO: [ view_end ] --START--
INFO: Run ShowPageTrace Behavior [ RunTime:0.002161s ]
INFO: [ view_end ] --END-- [ RunTime:0.002408s ]

[ 2013-05-29T22:15:38+08:00 ] ERR: (ThinkException) 无法加载模块:Img
[ 2013-05-29T22:15:38+08:00 ] ERR: (ThinkException) 无法加载模块:Img
[ 2013-05-29T22:15:38+08:00 ] ERR: (ThinkException) 无法加载模块:Img
[ 2013-05-29T22:15:38+08:00 ] ERR: (ThinkException) 无法加载模块:Img
[ 2013-05-29T22:15:38+08:00 ] ERR: (ThinkException) 无法加载模块:Img
[ 2013-05-29T22:15:38+08:00 ] ERR: (ThinkException) 无法加载模块:Pic
[ 2013-05-29T22:15:38+08:00 ] ERR: (ThinkException) 无法加载模块:Pic
[ 2013-05-29T22:15:38+08:00 ] ERR: (ThinkException) 无法加载模块:Pic
[ 2013-05-29T22:15:38+08:00 ] ERR: (ThinkException) 无法加载模块:Pic
[ 2013-05-29T22:15:38+08:00 ] ERR: (ThinkException) 无法加载模块:Pic
[ 2013-05-29T22:15:38+08:00 ] ERR: (ThinkException) 无法加载模块:Pic
[ 2013-05-29T22:15:38+08:00 ] ERR: (ThinkException) 无法加载模块:Pic
[ 2013-05-29T22:15:38+08:00 ] ERR: (ThinkException) 无法加载模块:Pic
[ 2013-05-29T22:15:38+08:00 ] ERR: (ThinkException) 无法加载模块:Pic
[ 2013-05-29T22:15:38+08:00 ] ERR: (ThinkException) 无法加载模块:Pic
[ 2013-05-29T22:15:38+08:00 ] ERR: (ThinkException) 无法加载模块:Pic
[ 2013-05-29T22:15:38+08:00 ] ERR: (ThinkException) 无法加载模块:Pic
[ 2013-05-29T22:15:38+08:00 ] ERR: (ThinkException) 无法加载模块:Pic
[ 2013-05-29T22:15:38+08:00 ] ERR: (ThinkException) 无法加载模块:Favicon
[ 2013-05-29T22:15:39+08:00 ] 192.168.0.106 /
INFO: [ app_begin ] --START--
INFO: Run ReadHtmlCache Behavior [ RunTime:0.000725s ]
INFO: [ app_begin ] --END-- [ RunTime:0.000939s ]
INFO: [ view_template ] --START--
INFO: Run LocationTemplate Behavior [ RunTime:0.001791s ]
INFO: [ view_template ] --END-- [ RunTime:0.002080s ]
INFO: [ view_parse ] --START--
SQL: SHOW COLUMNS FROM `navconfig` [ RunTime:0.001395s ]
SQL: SELECT `nav_id`,`pid`,`name`,`link` FROM `navconfig` WHERE ( `pos` = 'main' ) AND ( `status` = 0 ) ORDER BY ordering ASC, nav_id DESC  [ RunTime:0.001309s ]
INFO: Run ParseTemplate Behavior [ RunTime:0.076737s ]
INFO: [ view_parse ] --END-- [ RunTime:0.076976s ]
INFO: [ view_filter ] --START--
INFO: Run ContentReplace Behavior [ RunTime:0.000360s ]
INFO: Run TokenBuild Behavior [ RunTime:0.000620s ]
INFO: Run WriteHtmlCache Behavior [ RunTime:0.000897s ]
INFO: Run ShowRuntime Behavior [ RunTime:0.001637s ]
INFO: [ view_filter ] --END-- [ RunTime:0.003976s ]
INFO: [ view_end ] --START--
INFO: Run ShowPageTrace Behavior [ RunTime:0.001263s ]
INFO: [ view_end ] --END-- [ RunTime:0.001644s ]

[ 2013-05-29T22:15:39+08:00 ] ERR: (ThinkException) 无法加载模块:Img
[ 2013-05-29T22:15:39+08:00 ] ERR: (ThinkException) 无法加载模块:Img
[ 2013-05-29T22:15:39+08:00 ] ERR: (ThinkException) 无法加载模块:Img
[ 2013-05-29T22:15:39+08:00 ] ERR: (ThinkException) 无法加载模块:Img
[ 2013-05-29T22:15:39+08:00 ] ERR: (ThinkException) 无法加载模块:Pic
[ 2013-05-29T22:15:39+08:00 ] ERR: (ThinkException) 无法加载模块:Img
[ 2013-05-29T22:15:39+08:00 ] ERR: (ThinkException) 无法加载模块:Pic
[ 2013-05-29T22:15:39+08:00 ] ERR: (ThinkException) 无法加载模块:Pic
[ 2013-05-29T22:15:39+08:00 ] ERR: (ThinkException) 无法加载模块:Pic
[ 2013-05-29T22:15:39+08:00 ] ERR: (ThinkException) 无法加载模块:Pic
[ 2013-05-29T22:15:39+08:00 ] ERR: (ThinkException) 无法加载模块:Pic
[ 2013-05-29T22:15:39+08:00 ] ERR: (ThinkException) 无法加载模块:Pic
[ 2013-05-29T22:15:39+08:00 ] ERR: (ThinkException) 无法加载模块:Pic
[ 2013-05-29T22:15:39+08:00 ] ERR: (ThinkException) 无法加载模块:Pic
[ 2013-05-29T22:15:39+08:00 ] ERR: (ThinkException) 无法加载模块:Pic
[ 2013-05-29T22:15:39+08:00 ] ERR: (ThinkException) 无法加载模块:Pic
[ 2013-05-29T22:15:39+08:00 ] ERR: (ThinkException) 无法加载模块:Pic
[ 2013-05-29T22:15:40+08:00 ] ERR: (ThinkException) 无法加载模块:Pic
[ 2013-05-29T22:15:40+08:00 ] ERR: (ThinkException) 无法加载模块:Pic
[ 2013-05-29T22:15:40+08:00 ] ERR: (ThinkException) 无法加载模块:Pic
[ 2013-05-29T22:15:40+08:00 ] ERR: (ThinkException) 无法加载模块:Pic
[ 2013-05-29T22:15:40+08:00 ] ERR: (ThinkException) 无法加载模块:Pic
[ 2013-05-29T22:15:40+08:00 ] ERR: (ThinkException) 无法加载模块:Pic
[ 2013-05-29T22:15:40+08:00 ] ERR: (ThinkException) 无法加载模块:Img
[ 2013-05-29T22:15:40+08:00 ] ERR: (ThinkException) 无法加载模块:Favicon
[ 2013-05-29T22:16:12+08:00 ] 192.168.0.106 /
INFO: [ app_begin ] --START--
INFO: Run ReadHtmlCache Behavior [ RunTime:0.001801s ]
INFO: [ app_begin ] --END-- [ RunTime:0.002095s ]
INFO: [ view_template ] --START--
INFO: Run LocationTemplate Behavior [ RunTime:0.000994s ]
INFO: [ view_template ] --END-- [ RunTime:0.001440s ]
INFO: [ view_parse ] --START--
SQL: SHOW COLUMNS FROM `navconfig` [ RunTime:0.002057s ]
SQL: SELECT `nav_id`,`pid`,`name`,`link` FROM `navconfig` WHERE ( `pos` = 'main' ) AND ( `status` = 0 ) ORDER BY ordering ASC, nav_id DESC  [ RunTime:0.001447s ]
INFO: Run ParseTemplate Behavior [ RunTime:0.088279s ]
INFO: [ view_parse ] --END-- [ RunTime:0.088558s ]
INFO: [ view_filter ] --START--
INFO: Run ContentReplace Behavior [ RunTime:0.000671s ]
INFO: Run TokenBuild Behavior [ RunTime:0.000890s ]
INFO: Run WriteHtmlCache Behavior [ RunTime:0.001092s ]
INFO: Run ShowRuntime Behavior [ RunTime:0.001546s ]
INFO: [ view_filter ] --END-- [ RunTime:0.005206s ]
INFO: [ view_end ] --START--
INFO: Run ShowPageTrace Behavior [ RunTime:0.002459s ]
INFO: [ view_end ] --END-- [ RunTime:0.002845s ]

[ 2013-05-29T22:16:13+08:00 ] ERR: (ThinkException) 无法加载模块:Img
[ 2013-05-29T22:16:13+08:00 ] ERR: (ThinkException) 无法加载模块:Img
[ 2013-05-29T22:16:13+08:00 ] ERR: (ThinkException) 无法加载模块:Img
[ 2013-05-29T22:16:13+08:00 ] ERR: (ThinkException) 无法加载模块:Img
[ 2013-05-29T22:16:13+08:00 ] ERR: (ThinkException) 无法加载模块:Img
[ 2013-05-29T22:16:13+08:00 ] ERR: (ThinkException) 无法加载模块:Pic
[ 2013-05-29T22:16:13+08:00 ] ERR: (ThinkException) 无法加载模块:Pic
[ 2013-05-29T22:16:13+08:00 ] ERR: (ThinkException) 无法加载模块:Pic
[ 2013-05-29T22:16:13+08:00 ] ERR: (ThinkException) 无法加载模块:Pic
[ 2013-05-29T22:16:13+08:00 ] ERR: (ThinkException) 无法加载模块:Pic
[ 2013-05-29T22:16:13+08:00 ] ERR: (ThinkException) 无法加载模块:Pic
[ 2013-05-29T22:16:13+08:00 ] ERR: (ThinkException) 无法加载模块:Pic
[ 2013-05-29T22:16:13+08:00 ] ERR: (ThinkException) 无法加载模块:Pic
[ 2013-05-29T22:16:13+08:00 ] ERR: (ThinkException) 无法加载模块:Pic
[ 2013-05-29T22:16:13+08:00 ] ERR: (ThinkException) 无法加载模块:Pic
[ 2013-05-29T22:16:13+08:00 ] ERR: (ThinkException) 无法加载模块:Pic
[ 2013-05-29T22:16:13+08:00 ] ERR: (ThinkException) 无法加载模块:Pic
[ 2013-05-29T22:16:13+08:00 ] ERR: (ThinkException) 无法加载模块:Pic
[ 2013-05-29T22:16:13+08:00 ] ERR: (ThinkException) 无法加载模块:Pic
[ 2013-05-29T22:16:13+08:00 ] ERR: (ThinkException) 无法加载模块:Pic
[ 2013-05-29T22:16:13+08:00 ] ERR: (ThinkException) 无法加载模块:Pic
[ 2013-05-29T22:16:13+08:00 ] ERR: (ThinkException) 无法加载模块:Pic
[ 2013-05-29T22:16:14+08:00 ] ERR: (ThinkException) 无法加载模块:Pic
[ 2013-05-29T22:16:14+08:00 ] ERR: (ThinkException) 无法加载模块:Img
[ 2013-05-29T22:16:14+08:00 ] ERR: (ThinkException) 无法加载模块:Favicon
