[ 2013-05-15T22:54:10+08:00 ] 192.168.0.105 /Admin/index/clearcache?tag=logs
INFO: [ route_check ] --START--
INFO: Run CheckRoute Behavior [ RunTime:0.002136s ]
INFO: [ route_check ] --END-- [ RunTime:0.002620s ]
INFO: [ app_begin ] --START--
INFO: Run ReadHtmlCache Behavior [ RunTime:0.001509s ]
INFO: [ app_begin ] --END-- [ RunTime:0.001882s ]

[ 2013-05-15T22:54:11+08:00 ] 192.168.0.105 /admin/index/index
INFO: [ route_check ] --START--
INFO: Run CheckRoute Behavior [ RunTime:0.002179s ]
INFO: [ route_check ] --END-- [ RunTime:0.002452s ]
INFO: [ app_begin ] --START--
INFO: Run ReadHtmlCache Behavior [ RunTime:0.001097s ]
INFO: [ app_begin ] --END-- [ RunTime:0.001757s ]
INFO: [ view_template ] --START--
INFO: Run LocationTemplate Behavior [ RunTime:0.000785s ]
INFO: [ view_template ] --END-- [ RunTime:0.001129s ]
INFO: [ view_parse ] --START--
INFO: Run ParseTemplate Behavior [ RunTime:0.038733s ]
INFO: [ view_parse ] --END-- [ RunTime:0.039002s ]
INFO: [ view_filter ] --START--
INFO: Run ContentReplace Behavior [ RunTime:0.000998s ]
INFO: Run TokenBuild Behavior [ RunTime:0.001708s ]
INFO: Run WriteHtmlCache Behavior [ RunTime:0.000858s ]
INFO: Run ShowRuntime Behavior [ RunTime:0.001144s ]
INFO: [ view_filter ] --END-- [ RunTime:0.005269s ]
INFO: [ view_end ] --START--
INFO: Run ShowPageTrace Behavior [ RunTime:0.001870s ]
INFO: [ view_end ] --END-- [ RunTime:0.002309s ]

[ 2013-05-15T22:54:11+08:00 ] ERR: (ThinkException) 无法加载模块:Favicon
[ 2013-05-15T22:54:12+08:00 ] 192.168.0.105 /Admin/index/clearcache?tag=temp
INFO: [ route_check ] --START--
INFO: Run CheckRoute Behavior [ RunTime:0.002216s ]
INFO: [ route_check ] --END-- [ RunTime:0.002524s ]
INFO: [ app_begin ] --START--
INFO: Run ReadHtmlCache Behavior [ RunTime:0.001112s ]
INFO: [ app_begin ] --END-- [ RunTime:0.001445s ]

[ 2013-05-15T22:54:12+08:00 ] 192.168.0.105 /admin/index/index
INFO: [ route_check ] --START--
INFO: Run CheckRoute Behavior [ RunTime:0.002528s ]
INFO: [ route_check ] --END-- [ RunTime:0.002961s ]
INFO: [ app_begin ] --START--
INFO: Run ReadHtmlCache Behavior [ RunTime:0.001821s ]
INFO: [ app_begin ] --END-- [ RunTime:0.002120s ]
INFO: [ view_template ] --START--
INFO: Run LocationTemplate Behavior [ RunTime:0.000910s ]
INFO: [ view_template ] --END-- [ RunTime:0.001154s ]
INFO: [ view_parse ] --START--
INFO: Run ParseTemplate Behavior [ RunTime:0.042815s ]
INFO: [ view_parse ] --END-- [ RunTime:0.043048s ]
INFO: [ view_filter ] --START--
INFO: Run ContentReplace Behavior [ RunTime:0.000863s ]
INFO: Run TokenBuild Behavior [ RunTime:0.001281s ]
INFO: Run WriteHtmlCache Behavior [ RunTime:0.000786s ]
INFO: Run ShowRuntime Behavior [ RunTime:0.001243s ]
INFO: [ view_filter ] --END-- [ RunTime:0.005277s ]
INFO: [ view_end ] --START--
INFO: Run ShowPageTrace Behavior [ RunTime:0.001559s ]
INFO: [ view_end ] --END-- [ RunTime:0.001912s ]

[ 2013-05-15T22:54:13+08:00 ] ERR: (ThinkException) 无法加载模块:Favicon
[ 2013-05-15T22:54:35+08:00 ] ERR: (ThinkException) 无法加载模块:Favicon
[ 2013-05-15T22:54:35+08:00 ] 192.168.0.105 /Admin/index/navconfig?_=1368629675503
INFO: [ route_check ] --START--
INFO: Run CheckRoute Behavior [ RunTime:0.005872s ]
INFO: [ route_check ] --END-- [ RunTime:0.006261s ]
INFO: [ app_begin ] --START--
INFO: Run ReadHtmlCache Behavior [ RunTime:0.009171s ]
INFO: [ app_begin ] --END-- [ RunTime:0.009688s ]
SQL: SHOW COLUMNS FROM `navconfig` [ RunTime:0.012538s ]
SQL: SELECT * FROM `navconfig` WHERE ( status=0 ) ORDER BY ordering ASC, nav_id DESC  [ RunTime:0.002582s ]
INFO: [ view_template ] --START--
INFO: Run LocationTemplate Behavior [ RunTime:0.001110s ]
INFO: [ view_template ] --END-- [ RunTime:0.001322s ]
INFO: [ view_parse ] --START--
INFO: Run ParseTemplate Behavior [ RunTime:0.035262s ]
INFO: [ view_parse ] --END-- [ RunTime:0.035807s ]
INFO: [ view_filter ] --START--
INFO: Run ContentReplace Behavior [ RunTime:0.000698s ]
INFO: Run TokenBuild Behavior [ RunTime:0.000610s ]
INFO: Run WriteHtmlCache Behavior [ RunTime:0.000400s ]
INFO: Run ShowRuntime Behavior [ RunTime:0.001380s ]
INFO: [ view_filter ] --END-- [ RunTime:0.003728s ]
INFO: [ view_end ] --START--
INFO: Run ShowPageTrace Behavior [ RunTime:0.000790s ]
INFO: [ view_end ] --END-- [ RunTime:0.000969s ]

[ 2013-05-15T22:54:36+08:00 ] 192.168.0.105 /Admin/index/webconfig?_=1368629676738
INFO: [ route_check ] --START--
INFO: Run CheckRoute Behavior [ RunTime:0.004060s ]
INFO: [ route_check ] --END-- [ RunTime:0.004417s ]
INFO: [ app_begin ] --START--
INFO: Run ReadHtmlCache Behavior [ RunTime:0.001795s ]
INFO: [ app_begin ] --END-- [ RunTime:0.002252s ]
SQL: SHOW COLUMNS FROM `webconfig` [ RunTime:0.006577s ]
SQL: SELECT * FROM `webconfig` WHERE ( `status` = 0 ) ORDER BY ordering ASC  [ RunTime:0.001327s ]
INFO: [ view_template ] --START--
INFO: Run LocationTemplate Behavior [ RunTime:0.000890s ]
INFO: [ view_template ] --END-- [ RunTime:0.003476s ]
INFO: [ view_parse ] --START--
INFO: Run ParseTemplate Behavior [ RunTime:0.072458s ]
INFO: [ view_parse ] --END-- [ RunTime:0.077192s ]
INFO: [ view_filter ] --START--
INFO: Run ContentReplace Behavior [ RunTime:0.000862s ]
INFO: Run TokenBuild Behavior [ RunTime:0.004375s ]
INFO: Run WriteHtmlCache Behavior [ RunTime:0.000904s ]
INFO: Run ShowRuntime Behavior [ RunTime:0.006087s ]
INFO: [ view_filter ] --END-- [ RunTime:0.012995s ]
INFO: [ view_end ] --START--
INFO: Run ShowPageTrace Behavior [ RunTime:0.007794s ]
INFO: [ view_end ] --END-- [ RunTime:0.008064s ]

[ 2013-05-15T22:54:36+08:00 ] ERR: (ThinkException) 无法加载模块:Favicon
[ 2013-05-15T22:54:37+08:00 ] 192.168.0.105 /admin/index/
INFO: [ route_check ] --START--
INFO: Run CheckRoute Behavior [ RunTime:0.002818s ]
INFO: [ route_check ] --END-- [ RunTime:0.003862s ]
INFO: [ app_begin ] --START--
INFO: Run ReadHtmlCache Behavior [ RunTime:0.002782s ]
INFO: [ app_begin ] --END-- [ RunTime:0.003131s ]
INFO: [ view_template ] --START--
INFO: Run LocationTemplate Behavior [ RunTime:0.002845s ]
INFO: [ view_template ] --END-- [ RunTime:0.003358s ]
INFO: [ view_parse ] --START--
INFO: Run ParseTemplate Behavior [ RunTime:0.032481s ]
INFO: [ view_parse ] --END-- [ RunTime:0.032691s ]
INFO: [ view_filter ] --START--
INFO: Run ContentReplace Behavior [ RunTime:0.000820s ]
INFO: Run TokenBuild Behavior [ RunTime:0.000605s ]
INFO: Run WriteHtmlCache Behavior [ RunTime:0.000594s ]
INFO: Run ShowRuntime Behavior [ RunTime:0.001193s ]
INFO: [ view_filter ] --END-- [ RunTime:0.003961s ]
INFO: [ view_end ] --START--
INFO: Run ShowPageTrace Behavior [ RunTime:0.001147s ]
INFO: [ view_end ] --END-- [ RunTime:0.001838s ]

[ 2013-05-15T22:54:37+08:00 ] 192.168.0.105 /Admin/index/navconfig?_=1368629677554
INFO: [ route_check ] --START--
INFO: Run CheckRoute Behavior [ RunTime:0.003683s ]
INFO: [ route_check ] --END-- [ RunTime:0.003965s ]
INFO: [ app_begin ] --START--
INFO: Run ReadHtmlCache Behavior [ RunTime:0.001412s ]
INFO: [ app_begin ] --END-- [ RunTime:0.001624s ]
SQL: SHOW COLUMNS FROM `navconfig` [ RunTime:0.003827s ]
SQL: SELECT * FROM `navconfig` WHERE ( status=0 ) ORDER BY ordering ASC, nav_id DESC  [ RunTime:0.005064s ]
INFO: [ view_template ] --START--
INFO: Run LocationTemplate Behavior [ RunTime:0.000870s ]
INFO: [ view_template ] --END-- [ RunTime:0.001212s ]
INFO: [ view_parse ] --START--
INFO: Run ParseTemplate Behavior [ RunTime:0.051735s ]
INFO: [ view_parse ] --END-- [ RunTime:0.052129s ]
INFO: [ view_filter ] --START--
INFO: Run ContentReplace Behavior [ RunTime:0.000961s ]
INFO: Run TokenBuild Behavior [ RunTime:0.001478s ]
INFO: Run WriteHtmlCache Behavior [ RunTime:0.000777s ]
INFO: Run ShowRuntime Behavior [ RunTime:0.001174s ]
INFO: [ view_filter ] --END-- [ RunTime:0.005196s ]
INFO: [ view_end ] --START--
INFO: Run ShowPageTrace Behavior [ RunTime:0.002310s ]
INFO: [ view_end ] --END-- [ RunTime:0.002489s ]

[ 2013-05-15T22:54:39+08:00 ] 192.168.0.105 /Admin/index/webconfig?_=1368629678920
INFO: [ route_check ] --START--
INFO: Run CheckRoute Behavior [ RunTime:0.002244s ]
INFO: [ route_check ] --END-- [ RunTime:0.002787s ]
INFO: [ app_begin ] --START--
INFO: Run ReadHtmlCache Behavior [ RunTime:0.003060s ]
INFO: [ app_begin ] --END-- [ RunTime:0.003538s ]
SQL: SHOW COLUMNS FROM `webconfig` [ RunTime:0.002795s ]
SQL: SELECT * FROM `webconfig` WHERE ( `status` = 0 ) ORDER BY ordering ASC  [ RunTime:0.007451s ]
INFO: [ view_template ] --START--
INFO: Run LocationTemplate Behavior [ RunTime:0.000919s ]
INFO: [ view_template ] --END-- [ RunTime:0.001189s ]
INFO: [ view_parse ] --START--
INFO: Run ParseTemplate Behavior [ RunTime:0.059148s ]
INFO: [ view_parse ] --END-- [ RunTime:0.059457s ]
INFO: [ view_filter ] --START--
INFO: Run ContentReplace Behavior [ RunTime:0.001754s ]
INFO: Run TokenBuild Behavior [ RunTime:0.001344s ]
INFO: Run WriteHtmlCache Behavior [ RunTime:0.001006s ]
INFO: Run ShowRuntime Behavior [ RunTime:0.001468s ]
INFO: [ view_filter ] --END-- [ RunTime:0.006675s ]
INFO: [ view_end ] --START--
INFO: Run ShowPageTrace Behavior [ RunTime:0.002524s ]
INFO: [ view_end ] --END-- [ RunTime:0.002748s ]

[ 2013-05-15T22:54:39+08:00 ] 192.168.0.105 /admin/index/
INFO: [ route_check ] --START--
INFO: Run CheckRoute Behavior [ RunTime:0.003301s ]
INFO: [ route_check ] --END-- [ RunTime:0.003825s ]
INFO: [ app_begin ] --START--
INFO: Run ReadHtmlCache Behavior [ RunTime:0.001209s ]
INFO: [ app_begin ] --END-- [ RunTime:0.001540s ]
INFO: [ view_template ] --START--
INFO: Run LocationTemplate Behavior [ RunTime:0.000723s ]
INFO: [ view_template ] --END-- [ RunTime:0.001032s ]
INFO: [ view_parse ] --START--
INFO: Run ParseTemplate Behavior [ RunTime:0.042923s ]
INFO: [ view_parse ] --END-- [ RunTime:0.043411s ]
INFO: [ view_filter ] --START--
INFO: Run ContentReplace Behavior [ RunTime:0.000782s ]
INFO: Run TokenBuild Behavior [ RunTime:0.001400s ]
INFO: Run WriteHtmlCache Behavior [ RunTime:0.001198s ]
INFO: Run ShowRuntime Behavior [ RunTime:0.000917s ]
INFO: [ view_filter ] --END-- [ RunTime:0.005256s ]
INFO: [ view_end ] --START--
INFO: Run ShowPageTrace Behavior [ RunTime:0.002142s ]
INFO: [ view_end ] --END-- [ RunTime:0.002435s ]

[ 2013-05-15T22:54:40+08:00 ] 192.168.0.105 /Admin/index/navconfig?_=1368629679985
INFO: [ route_check ] --START--
INFO: Run CheckRoute Behavior [ RunTime:0.002053s ]
INFO: [ route_check ] --END-- [ RunTime:0.002804s ]
INFO: [ app_begin ] --START--
INFO: Run ReadHtmlCache Behavior [ RunTime:0.001305s ]
INFO: [ app_begin ] --END-- [ RunTime:0.001660s ]
SQL: SHOW COLUMNS FROM `navconfig` [ RunTime:0.003346s ]
SQL: SELECT * FROM `navconfig` WHERE ( status=0 ) ORDER BY ordering ASC, nav_id DESC  [ RunTime:0.001980s ]
INFO: [ view_template ] --START--
INFO: Run LocationTemplate Behavior [ RunTime:0.001325s ]
INFO: [ view_template ] --END-- [ RunTime:0.001855s ]
INFO: [ view_parse ] --START--
INFO: Run ParseTemplate Behavior [ RunTime:0.069580s ]
INFO: [ view_parse ] --END-- [ RunTime:0.069963s ]
INFO: [ view_filter ] --START--
INFO: Run ContentReplace Behavior [ RunTime:0.001141s ]
INFO: Run TokenBuild Behavior [ RunTime:0.001055s ]
INFO: Run WriteHtmlCache Behavior [ RunTime:0.000570s ]
INFO: Run ShowRuntime Behavior [ RunTime:0.001035s ]
INFO: [ view_filter ] --END-- [ RunTime:0.006049s ]
INFO: [ view_end ] --START--
INFO: Run ShowPageTrace Behavior [ RunTime:0.003744s ]
INFO: [ view_end ] --END-- [ RunTime:0.004035s ]

[ 2013-05-15T22:54:41+08:00 ] 192.168.0.105 /Admin/index/navconfig?_=1368629681721
INFO: [ route_check ] --START--
INFO: Run CheckRoute Behavior [ RunTime:0.002225s ]
INFO: [ route_check ] --END-- [ RunTime:0.002543s ]
INFO: [ app_begin ] --START--
INFO: Run ReadHtmlCache Behavior [ RunTime:0.002156s ]
INFO: [ app_begin ] --END-- [ RunTime:0.002411s ]
SQL: SHOW COLUMNS FROM `navconfig` [ RunTime:0.002817s ]
SQL: SELECT * FROM `navconfig` WHERE ( status=0 ) ORDER BY ordering ASC, nav_id DESC  [ RunTime:0.001600s ]
INFO: [ view_template ] --START--
INFO: Run LocationTemplate Behavior [ RunTime:0.001003s ]
INFO: [ view_template ] --END-- [ RunTime:0.001227s ]
INFO: [ view_parse ] --START--
INFO: Run ParseTemplate Behavior [ RunTime:0.056899s ]
INFO: [ view_parse ] --END-- [ RunTime:0.057822s ]
INFO: [ view_filter ] --START--
INFO: Run ContentReplace Behavior [ RunTime:0.000883s ]
INFO: Run TokenBuild Behavior [ RunTime:0.002093s ]
INFO: Run WriteHtmlCache Behavior [ RunTime:0.001749s ]
INFO: Run ShowRuntime Behavior [ RunTime:0.001078s ]
INFO: [ view_filter ] --END-- [ RunTime:0.006543s ]
INFO: [ view_end ] --START--
INFO: Run ShowPageTrace Behavior [ RunTime:0.001582s ]
INFO: [ view_end ] --END-- [ RunTime:0.001765s ]

[ 2013-05-15T22:54:42+08:00 ] 192.168.0.105 /Admin/index/webconfig?_=1368629682050
INFO: [ route_check ] --START--
INFO: Run CheckRoute Behavior [ RunTime:0.002789s ]
INFO: [ route_check ] --END-- [ RunTime:0.003747s ]
INFO: [ app_begin ] --START--
INFO: Run ReadHtmlCache Behavior [ RunTime:0.001761s ]
INFO: [ app_begin ] --END-- [ RunTime:0.002316s ]
SQL: SHOW COLUMNS FROM `webconfig` [ RunTime:0.006598s ]
SQL: SELECT * FROM `webconfig` WHERE ( `status` = 0 ) ORDER BY ordering ASC  [ RunTime:0.001727s ]
INFO: [ view_template ] --START--
INFO: Run LocationTemplate Behavior [ RunTime:0.000967s ]
INFO: [ view_template ] --END-- [ RunTime:0.001369s ]
INFO: [ view_parse ] --START--
INFO: Run ParseTemplate Behavior [ RunTime:0.033717s ]
INFO: [ view_parse ] --END-- [ RunTime:0.034132s ]
INFO: [ view_filter ] --START--
INFO: Run ContentReplace Behavior [ RunTime:0.001513s ]
INFO: Run TokenBuild Behavior [ RunTime:0.000995s ]
INFO: Run WriteHtmlCache Behavior [ RunTime:0.000784s ]
INFO: Run ShowRuntime Behavior [ RunTime:0.001225s ]
INFO: [ view_filter ] --END-- [ RunTime:0.005356s ]
INFO: [ view_end ] --START--
INFO: Run ShowPageTrace Behavior [ RunTime:0.001732s ]
INFO: [ view_end ] --END-- [ RunTime:0.001993s ]

[ 2013-05-15T22:54:42+08:00 ] 192.168.0.105 /admin/index/
INFO: [ route_check ] --START--
INFO: Run CheckRoute Behavior [ RunTime:0.002561s ]
INFO: [ route_check ] --END-- [ RunTime:0.003002s ]
INFO: [ app_begin ] --START--
INFO: Run ReadHtmlCache Behavior [ RunTime:0.001542s ]
INFO: [ app_begin ] --END-- [ RunTime:0.001755s ]
INFO: [ view_template ] --START--
INFO: Run LocationTemplate Behavior [ RunTime:0.000720s ]
INFO: [ view_template ] --END-- [ RunTime:0.000944s ]
INFO: [ view_parse ] --START--
INFO: Run ParseTemplate Behavior [ RunTime:0.040438s ]
INFO: [ view_parse ] --END-- [ RunTime:0.040840s ]
INFO: [ view_filter ] --START--
INFO: Run ContentReplace Behavior [ RunTime:0.000739s ]
INFO: Run TokenBuild Behavior [ RunTime:0.001161s ]
INFO: Run WriteHtmlCache Behavior [ RunTime:0.000637s ]
INFO: Run ShowRuntime Behavior [ RunTime:0.001040s ]
INFO: [ view_filter ] --END-- [ RunTime:0.004216s ]
INFO: [ view_end ] --START--
INFO: Run ShowPageTrace Behavior [ RunTime:0.001501s ]
INFO: [ view_end ] --END-- [ RunTime:0.001760s ]

