[ 2013-05-21T21:08:31+08:00 ] 192.168.0.102 /
INFO: [ app_begin ] --START--
INFO: Run ReadHtmlCache Behavior [ RunTime:0.012915s ]
INFO: [ app_begin ] --END-- [ RunTime:0.013471s ]
INFO: [ view_template ] --START--
INFO: Run LocationTemplate Behavior [ RunTime:0.002193s ]
INFO: [ view_template ] --END-- [ RunTime:0.002520s ]
INFO: [ view_parse ] --START--
SQL: SHOW COLUMNS FROM `navconfig` [ RunTime:0.001808s ]
SQL: SELECT `nav_id`,`pid`,`name`,`link` FROM `navconfig` WHERE ( `pos` = 'top' ) AND ( `status` = 0 ) ORDER BY ordering ASC, nav_id DESC  [ RunTime:0.001460s ]
SQL: SELECT `nav_id`,`pid`,`name`,`link` FROM `navconfig` WHERE ( `pos` = 'main' ) AND ( `status` = 0 ) ORDER BY ordering ASC, nav_id DESC  [ RunTime:0.001153s ]
NOTIC: [8] Undefined index: _child /var/www/php/happyborm/App/Runtime/Cache/Home/c08c5152411715bb0f4de5db58010edc.php 第 10 行.
NOTIC: [8] Undefined index: _child /var/www/php/happyborm/App/Runtime/Cache/Home/c08c5152411715bb0f4de5db58010edc.php 第 10 行.
NOTIC: [8] Undefined index: _child /var/www/php/happyborm/App/Runtime/Cache/Home/c08c5152411715bb0f4de5db58010edc.php 第 10 行.
NOTIC: [8] Undefined index: _child /var/www/php/happyborm/App/Runtime/Cache/Home/c08c5152411715bb0f4de5db58010edc.php 第 10 行.
NOTIC: [8] Undefined index: _child /var/www/php/happyborm/App/Runtime/Cache/Home/c08c5152411715bb0f4de5db58010edc.php 第 20 行.
NOTIC: [8] Undefined index: _child /var/www/php/happyborm/App/Runtime/Cache/Home/c08c5152411715bb0f4de5db58010edc.php 第 20 行.
SQL: SELECT `nav_id`,`pid`,`name`,`link` FROM `navconfig` WHERE ( `pos` = 'bottom' ) AND ( `status` = 0 ) ORDER BY ordering ASC, nav_id DESC  [ RunTime:0.000985s ]
INFO: Run ParseTemplate Behavior [ RunTime:0.241862s ]
INFO: [ view_parse ] --END-- [ RunTime:0.242030s ]
INFO: [ view_filter ] --START--
INFO: Run ContentReplace Behavior [ RunTime:0.001862s ]
INFO: Run TokenBuild Behavior [ RunTime:0.001972s ]
INFO: Run WriteHtmlCache Behavior [ RunTime:0.001086s ]
INFO: Run ShowRuntime Behavior [ RunTime:0.003308s ]
INFO: [ view_filter ] --END-- [ RunTime:0.008857s ]
INFO: [ view_end ] --START--
INFO: Run ShowPageTrace Behavior [ RunTime:0.002359s ]
INFO: [ view_end ] --END-- [ RunTime:0.002769s ]

[ 2013-05-21T21:08:32+08:00 ] ERR: (ThinkException) 无法加载模块:Uploads
[ 2013-05-21T21:08:33+08:00 ] ERR: (ThinkException) 无法加载模块:Uploads
[ 2013-05-21T21:08:33+08:00 ] ERR: (ThinkException) 无法加载模块:Uploads
[ 2013-05-21T21:08:33+08:00 ] ERR: (ThinkException) 无法加载模块:Uploads
[ 2013-05-21T21:08:33+08:00 ] ERR: (ThinkException) 无法加载模块:Uploads
[ 2013-05-21T21:08:33+08:00 ] ERR: (ThinkException) 无法加载模块:Uploads
[ 2013-05-21T21:08:33+08:00 ] ERR: (ThinkException) 无法加载模块:Uploads
[ 2013-05-21T21:08:33+08:00 ] ERR: (ThinkException) 无法加载模块:Uploads
[ 2013-05-21T21:08:33+08:00 ] ERR: (ThinkException) 无法加载模块:Uploads
[ 2013-05-21T21:08:33+08:00 ] ERR: (ThinkException) 无法加载模块:Uploads
[ 2013-05-21T21:08:33+08:00 ] ERR: (ThinkException) 无法加载模块:Uploads
[ 2013-05-21T21:08:33+08:00 ] ERR: (ThinkException) 无法加载模块:Static
[ 2013-05-21T21:08:33+08:00 ] ERR: (ThinkException) 无法加载模块:Static
[ 2013-05-21T21:08:33+08:00 ] ERR: (ThinkException) 无法加载模块:Static
[ 2013-05-21T21:08:33+08:00 ] ERR: (ThinkException) 无法加载模块:Static
[ 2013-05-21T21:08:33+08:00 ] ERR: (ThinkException) 无法加载模块:Static
[ 2013-05-21T21:08:33+08:00 ] ERR: (ThinkException) 无法加载模块:Static
[ 2013-05-21T21:08:33+08:00 ] ERR: (ThinkException) 无法加载模块:Static
[ 2013-05-21T21:08:33+08:00 ] ERR: (ThinkException) 无法加载模块:Static
[ 2013-05-21T21:08:33+08:00 ] ERR: (ThinkException) 无法加载模块:Static
[ 2013-05-21T21:08:33+08:00 ] ERR: (ThinkException) 无法加载模块:Favicon
